[MASTER] 15:45:57.914 [pool-2-thread-1] WARN  CheapPurityAnalyzer - org.apache.commons.fileupload.FileItem was not found in the inheritance tree. Using DEFAULT value for cheap-purity analysis
[MASTER] 15:45:57.928 [pool-2-thread-1] WARN  InheritanceTree - Class not in inheritance graph: org.apache.commons.fileupload.FileItem
[MASTER] 15:45:57.929 [pool-2-thread-1] WARN  CheapPurityAnalyzer - org.apache.commons.fileupload.FileItem was not found in the inheritance tree. Using DEFAULT value for cheap-purity analysis
[MASTER] 15:45:57.929 [pool-2-thread-1] WARN  CheapPurityAnalyzer - org.apache.commons.fileupload.FileItem was not found in the inheritance tree. Using DEFAULT value for cheap-purity analysis
[MASTER] 15:46:12.268 [pool-2-thread-1] WARN  TestFactory - Bounded variable issue when calling createVariable()
[MASTER] 15:46:12.268 [pool-2-thread-1] WARN  TestChromosome - Functional mock problem: org.evosuite.ga.ConstructionFailedException: No objects and generators for type class com.cheops.candidatemanager.services.impl.ApplicationProcessService
[MASTER] 15:46:12.533 [pool-2-thread-1] WARN  TestChromosome - Functional mock problem: org.evosuite.ga.ConstructionFailedException: Error: VariableReference: Statement 12, type java.util.function.Function<java.lang.Object, java.util.Optional<java.lang.String>> is not assignable to java.util.function.Function<? super com.cheops.candidatemanager.models.Candidate, ? extends java.util.Optional<com.cheops.candidatemanager.models.Candidate>>
[MASTER] 15:46:12.663 [pool-2-thread-1] WARN  TestChromosome - Functional mock problem: org.evosuite.ga.ConstructionFailedException: No objects and generators for type class com.cheops.candidatemanager.services.impl.CandidateService
[MASTER] 15:46:12.782 [pool-2-thread-1] WARN  TestChromosome - Functional mock problem: org.evosuite.ga.ConstructionFailedException: Have no generator for java.util.Optional<com.cheops.candidatemanager.models.ApplicationProcess> canUseFunctionalMocks=true, canBeMocked: false
[MASTER] 15:46:12.786 [pool-2-thread-1] WARN  TestChromosome - Functional mock problem: org.evosuite.ga.ConstructionFailedException: Have no generator for java.util.Optional<com.cheops.candidatemanager.models.Candidate> canUseFunctionalMocks=true, canBeMocked: false
[MASTER] 15:46:13.485 [pool-2-thread-1] WARN  TestChromosome - Functional mock problem: org.evosuite.ga.ConstructionFailedException: Failed to add constructor for java.sql.SQLTimeoutException due to org.evosuite.ga.ConstructionFailedException: Failed to add constructor for java.sql.SQLNonTransientException due to org.evosuite.ga.ConstructionFailedException: Failed to add constructor for java.sql.SQLSyntaxErrorException due to org.evosuite.ga.ConstructionFailedException: Failed to add constructor for java.sql.BatchUpdateException due to org.evosuite.ga.ConstructionFailedException: Failed to add constructor for java.sql.DataTruncation due to org.evosuite.ga.ConstructionFailedException: Max recursion depth reached
[MASTER] 15:46:14.056 [pool-2-thread-1] WARN  TestChromosome - Functional mock problem: org.evosuite.ga.ConstructionFailedException: Have no generator for java.util.function.UnaryOperator<com.cheops.candidatemanager.models.Candidate> canUseFunctionalMocks=false, canBeMocked: true
[MASTER] 15:46:14.087 [pool-2-thread-1] WARN  TestChromosome - Functional mock problem: org.evosuite.ga.ConstructionFailedException: Have no generator for java.util.Optional<com.cheops.candidatemanager.models.Skills> canUseFunctionalMocks=false, canBeMocked: false
[MASTER] 15:46:14.588 [pool-2-thread-1] WARN  TestChromosome - Functional mock problem: org.evosuite.ga.ConstructionFailedException: No objects and generators for type class com.cheops.candidatemanager.services.impl.SkillsService
[MASTER] 15:46:14.922 [pool-2-thread-1] WARN  TestChromosome - Functional mock problem: org.evosuite.ga.ConstructionFailedException: Have no generator for java.util.Optional<com.cheops.candidatemanager.models.ApplicationProcess> canUseFunctionalMocks=false, canBeMocked: false
[MASTER] 15:46:14.990 [pool-2-thread-1] WARN  TestChromosome - Functional mock problem: org.evosuite.ga.ConstructionFailedException: Have no generator for java.util.Optional<com.cheops.candidatemanager.models.Skills> canUseFunctionalMocks=true, canBeMocked: false
[MASTER] 15:46:15.406 [pool-2-thread-1] WARN  TestChromosome - Functional mock problem: org.evosuite.ga.ConstructionFailedException: Failed to add constructor for java.util.ArrayDeque due to org.evosuite.ga.ConstructionFailedException: No objects and generators for type class com.cheops.candidatemanager.services.impl.ApplicationProcessService
[MASTER] 15:46:15.561 [pool-2-thread-1] WARN  TestChromosome - Functional mock problem: org.evosuite.ga.ConstructionFailedException: Failed to add constructor for java.util.PriorityQueue due to org.evosuite.ga.ConstructionFailedException: No objects and generators for type class com.cheops.candidatemanager.services.impl.SkillsService
[MASTER] 15:46:16.667 [pool-2-thread-1] WARN  TestChromosome - Functional mock problem: org.evosuite.ga.ConstructionFailedException: Failed to add constructor for java.util.Vector due to org.evosuite.ga.ConstructionFailedException: No objects and generators for type class com.cheops.candidatemanager.services.impl.ApplicationProcessService
[MASTER] 15:46:17.867 [pool-2-thread-1] WARN  TestChromosome - Functional mock problem: org.evosuite.ga.ConstructionFailedException: Have no generator for java.util.Optional<com.cheops.candidatemanager.models.Candidate> canUseFunctionalMocks=false, canBeMocked: false
[MASTER] 15:46:17.895 [pool-2-thread-1] WARN  TestChromosome - Functional mock problem: org.evosuite.ga.ConstructionFailedException: Failed to add constructor for java.util.LinkedList due to org.evosuite.ga.ConstructionFailedException: No objects and generators for type class com.cheops.candidatemanager.services.impl.ApplicationProcessService
[MASTER] 15:46:18.607 [pool-2-thread-1] WARN  TestChromosome - Functional mock problem: org.evosuite.ga.ConstructionFailedException: Failed to add constructor for java.util.LinkedHashSet due to org.evosuite.ga.ConstructionFailedException: No objects and generators for type class com.cheops.candidatemanager.services.impl.ApplicationProcessService
[MASTER] 15:46:20.405 [pool-2-thread-1] WARN  TestChromosome - Functional mock problem: org.evosuite.ga.ConstructionFailedException: Failed to add constructor for org.evosuite.runtime.mock.java.io.MockPrintWriter due to org.evosuite.ga.ConstructionFailedException: Failed to add constructor for org.evosuite.runtime.mock.java.io.MockPrintStream due to org.evosuite.ga.ConstructionFailedException: Failed to add constructor for org.evosuite.runtime.mock.java.io.MockPrintStream due to org.evosuite.ga.ConstructionFailedException: Failed to add constructor for org.evosuite.runtime.mock.java.io.MockPrintStream due to org.evosuite.ga.ConstructionFailedException: Max recursion depth reached
[MASTER] 15:46:21.192 [pool-2-thread-1] WARN  TestChromosome - Functional mock problem: org.evosuite.ga.ConstructionFailedException: Failed to add constructor for com.cheops.candidatemanager.models.ApplicationProcess due to org.evosuite.ga.ConstructionFailedException: Max recursion depth reached
[MASTER] 15:46:21.315 [pool-2-thread-1] WARN  TestChromosome - Functional mock problem: org.evosuite.ga.ConstructionFailedException: Failed to add constructor for java.util.ArrayDeque due to org.evosuite.ga.ConstructionFailedException: No objects and generators for type class com.cheops.candidatemanager.services.impl.SkillsService
[MASTER] 15:46:21.696 [pool-2-thread-1] WARN  TestChromosome - Functional mock problem: org.evosuite.ga.ConstructionFailedException: Failed to add constructor for java.util.HashSet due to org.evosuite.ga.ConstructionFailedException: No objects and generators for type class com.cheops.candidatemanager.services.impl.ApplicationProcessService
[MASTER] 15:46:24.466 [pool-2-thread-1] WARN  TestChromosome - Functional mock problem: org.evosuite.ga.ConstructionFailedException: Failed to add constructor for java.util.PriorityQueue due to org.evosuite.ga.ConstructionFailedException: No objects and generators for type class com.cheops.candidatemanager.services.impl.ApplicationProcessService
[MASTER] 15:46:28.913 [pool-2-thread-1] WARN  TestChromosome - Functional mock problem: org.evosuite.ga.ConstructionFailedException: Failed to add constructor for java.util.ArrayList due to org.evosuite.ga.ConstructionFailedException: No objects and generators for type class com.cheops.candidatemanager.services.impl.ApplicationProcessService
[MASTER] 15:46:28.992 [pool-2-thread-1] WARN  TestChromosome - Functional mock problem: org.evosuite.ga.ConstructionFailedException: Failed to add constructor for java.util.TreeSet due to org.evosuite.ga.ConstructionFailedException: No objects and generators for type class com.cheops.candidatemanager.services.impl.ApplicationProcessService
[MASTER] 15:46:30.022 [pool-2-thread-1] WARN  TestChromosome - Functional mock problem: org.evosuite.ga.ConstructionFailedException: Failed to add constructor for com.cheops.candidatemanager.models.Candidate due to org.evosuite.ga.ConstructionFailedException: Max recursion depth reached
[MASTER] 15:46:30.631 [pool-2-thread-1] WARN  TestChromosome - Functional mock problem: org.evosuite.ga.ConstructionFailedException: Failed to add constructor for java.util.TreeSet due to org.evosuite.ga.ConstructionFailedException: No objects and generators for type class com.cheops.candidatemanager.services.impl.SkillsService
[MASTER] 15:46:31.279 [pool-2-thread-1] WARN  TestChromosome - Functional mock problem: org.evosuite.ga.ConstructionFailedException: Have no generator for class java.time.chrono.ThaiBuddhistChronology canUseFunctionalMocks=true, canBeMocked: false
[MASTER] 15:46:34.304 [pool-2-thread-1] WARN  TestChromosome - Functional mock problem: org.evosuite.ga.ConstructionFailedException: Error: VariableReference: Statement 8, type java.util.function.Function<java.lang.Object, java.util.Optional<com.cheops.candidatemanager.models.Candidate>> is not assignable to java.util.function.Function<? super java.lang.Object, ? extends java.util.Optional<com.cheops.candidatemanager.models.Skills>>
[MASTER] 15:46:34.595 [pool-2-thread-1] WARN  TestChromosome - Functional mock problem: org.evosuite.ga.ConstructionFailedException: Failed to add constructor for java.sql.SQLTimeoutException due to org.evosuite.ga.ConstructionFailedException: Failed to add constructor for java.sql.SQLIntegrityConstraintViolationException due to org.evosuite.ga.ConstructionFailedException: Failed to add constructor for java.sql.SQLTransactionRollbackException due to org.evosuite.ga.ConstructionFailedException: Failed to add constructor for java.sql.SQLRecoverableException due to org.evosuite.ga.ConstructionFailedException: Failed to add constructor for java.sql.SQLTimeoutException due to org.evosuite.ga.ConstructionFailedException: Max recursion depth reached
[MASTER] 15:46:35.874 [pool-2-thread-1] WARN  TestChromosome - Functional mock problem: org.evosuite.ga.ConstructionFailedException: Have no generator for java.util.Optional<com.cheops.candidatemanager.models.Address> canUseFunctionalMocks=false, canBeMocked: false
[MASTER] 15:46:36.693 [pool-2-thread-1] WARN  TestChromosome - Functional mock problem: org.evosuite.ga.ConstructionFailedException: Have no generator for class java.time.chrono.MinguoChronology canUseFunctionalMocks=true, canBeMocked: false
[MASTER] 15:46:36.886 [pool-2-thread-1] WARN  TestChromosome - Functional mock problem: org.evosuite.ga.ConstructionFailedException: Have no generator for class com.cheops.candidatemanager.services.impl.SkillsService canUseFunctionalMocks=false, canBeMocked: true
[MASTER] 15:46:37.607 [pool-2-thread-1] WARN  TestChromosome - Functional mock problem: org.evosuite.ga.ConstructionFailedException: Have no generator for java.util.Optional<com.cheops.candidatemanager.models.Address> canUseFunctionalMocks=true, canBeMocked: false
[MASTER] 15:46:44.072 [pool-2-thread-1] WARN  TestChromosome - Functional mock problem: org.evosuite.ga.ConstructionFailedException: Failed to add constructor for java.util.LinkedList due to org.evosuite.ga.ConstructionFailedException: No objects and generators for type class com.cheops.candidatemanager.services.impl.CandidateService
[MASTER] 15:46:50.341 [pool-2-thread-1] WARN  TestChromosome - Functional mock problem: org.evosuite.ga.ConstructionFailedException: Error: VariableReference: Statement 26, type java.util.function.Function<java.lang.Object, java.util.LinkedList<com.cheops.candidatemanager.models.Skills>> is not assignable to java.util.function.Function<? super com.cheops.candidatemanager.models.Candidate, ? extends java.util.LinkedList<java.lang.Object>>
[MASTER] 15:46:50.602 [pool-2-thread-1] WARN  TestChromosome - Functional mock problem: org.evosuite.ga.ConstructionFailedException: Max recursion depth reached
[MASTER] 15:46:55.842 [pool-2-thread-1] WARN  TestChromosome - Functional mock problem: org.evosuite.ga.ConstructionFailedException: Failed to add constructor for java.util.Vector due to org.evosuite.ga.ConstructionFailedException: No objects and generators for type class com.cheops.candidatemanager.services.impl.CandidateService
[MASTER] 15:46:59.824 [pool-2-thread-1] WARN  TestChromosome - Functional mock problem: org.evosuite.ga.ConstructionFailedException: Have no generator for class java.time.chrono.HijrahChronology canUseFunctionalMocks=true, canBeMocked: false
[MASTER] 15:46:59.876 [pool-2-thread-1] WARN  TestChromosome - Functional mock problem: org.evosuite.ga.ConstructionFailedException: Error: VariableReference: Statement 24, type java.util.function.Function<java.lang.Object, java.util.Optional<com.cheops.candidatemanager.models.Candidate>> is not assignable to java.util.function.Function<? super java.lang.Object, ? extends java.util.Optional<com.cheops.candidatemanager.models.Skills>>
[MASTER] 15:47:02.259 [pool-2-thread-1] WARN  TestChromosome - Functional mock problem: org.evosuite.ga.ConstructionFailedException: Have no generator for class java.time.chrono.JapaneseChronology canUseFunctionalMocks=true, canBeMocked: false
[MASTER] 15:47:08.018 [pool-2-thread-1] WARN  TestChromosome - Functional mock problem: org.evosuite.ga.ConstructionFailedException: Failed to add constructor for java.util.Vector due to org.evosuite.ga.ConstructionFailedException: No objects and generators for type class com.cheops.candidatemanager.services.impl.SkillsService
[MASTER] 15:47:08.734 [pool-2-thread-1] WARN  TestChromosome - Functional mock problem: org.evosuite.ga.ConstructionFailedException: Failed to add constructor for java.util.LinkedList due to org.evosuite.ga.ConstructionFailedException: No objects and generators for type class com.cheops.candidatemanager.services.impl.SkillsService
[MASTER] 15:47:24.100 [pool-2-thread-1] WARN  TestChromosome - Functional mock problem: org.evosuite.ga.ConstructionFailedException: Error: VariableReference: Statement 17, type java.util.function.Function<java.lang.Object, java.util.Optional<com.cheops.candidatemanager.models.Candidate>> is not assignable to java.util.function.Function<? super java.lang.Object, ? extends java.util.Optional<com.cheops.candidatemanager.models.Skills>>
[MASTER] 15:47:28.836 [pool-2-thread-1] WARN  TestChromosome - Functional mock problem: org.evosuite.ga.ConstructionFailedException: Failed to add constructor for java.sql.SQLTimeoutException due to org.evosuite.ga.ConstructionFailedException: Failed to add constructor for java.sql.SQLInvalidAuthorizationSpecException due to org.evosuite.ga.ConstructionFailedException: Max recursion depth reached
[MASTER] 15:47:31.937 [pool-2-thread-1] WARN  TestChromosome - Functional mock problem: org.evosuite.ga.ConstructionFailedException: Failed to add constructor for java.util.ArrayList due to org.evosuite.ga.ConstructionFailedException: No objects and generators for type class com.cheops.candidatemanager.services.impl.SkillsService
[MASTER] 15:47:36.294 [pool-2-thread-1] WARN  TestChromosome - Functional mock problem: org.evosuite.ga.ConstructionFailedException: Failed to add constructor for com.cheops.candidatemanager.models.CandidateSearchResolver due to org.evosuite.ga.ConstructionFailedException: Failed to add constructor for com.cheops.candidatemanager.models.Candidate due to org.evosuite.ga.ConstructionFailedException: Max recursion depth reached
[MASTER] 15:48:00.781 [pool-2-thread-1] WARN  TestChromosome - Functional mock problem: org.evosuite.ga.ConstructionFailedException: Failed to add constructor for java.sql.SQLTimeoutException due to org.evosuite.ga.ConstructionFailedException: Failed to add constructor for java.sql.SQLInvalidAuthorizationSpecException due to org.evosuite.ga.ConstructionFailedException: Failed to add constructor for java.sql.SQLSyntaxErrorException due to org.evosuite.ga.ConstructionFailedException: Failed to add constructor for java.sql.SQLFeatureNotSupportedException due to org.evosuite.ga.ConstructionFailedException: Failed to add constructor for java.sql.SQLTransientException due to org.evosuite.ga.ConstructionFailedException: Max recursion depth reached
[MASTER] 15:48:11.522 [pool-2-thread-1] WARN  TestChromosome - Functional mock problem: org.evosuite.ga.ConstructionFailedException: Error: VariableReference: Statement 28, type java.util.function.Function<java.lang.Object, java.util.Optional<com.cheops.candidatemanager.models.Candidate>> is not assignable to java.util.function.Function<? super java.lang.Object, ? extends java.util.Optional<com.cheops.candidatemanager.models.Skills>>
[MASTER] 15:48:29.163 [pool-2-thread-1] WARN  TestChromosome - Functional mock problem: org.evosuite.ga.ConstructionFailedException: Have no generator for java.util.function.UnaryOperator<java.lang.Object> canUseFunctionalMocks=false, canBeMocked: true
[MASTER] 15:48:30.195 [pool-2-thread-1] WARN  TestChromosome - Functional mock problem: org.evosuite.ga.ConstructionFailedException: Failed to add constructor for java.sql.SQLTimeoutException due to org.evosuite.ga.ConstructionFailedException: Failed to add constructor for java.sql.SQLNonTransientConnectionException due to org.evosuite.ga.ConstructionFailedException: Failed to add constructor for java.sql.SQLTransientConnectionException due to org.evosuite.ga.ConstructionFailedException: Failed to add constructor for java.sql.SQLDataException due to org.evosuite.ga.ConstructionFailedException: Failed to add constructor for java.sql.SQLTransientException due to org.evosuite.ga.ConstructionFailedException: Max recursion depth reached
[MASTER] 15:48:33.576 [pool-2-thread-1] WARN  TestChromosome - Functional mock problem: org.evosuite.ga.ConstructionFailedException: Failed to add constructor for java.sql.SQLTimeoutException due to org.evosuite.ga.ConstructionFailedException: Failed to add constructor for java.sql.SQLFeatureNotSupportedException due to org.evosuite.ga.ConstructionFailedException: Failed to add constructor for java.sql.SQLTransientException due to org.evosuite.ga.ConstructionFailedException: Failed to add constructor for java.sql.SQLClientInfoException due to org.evosuite.ga.ConstructionFailedException: Failed to add constructor for java.sql.SQLClientInfoException due to org.evosuite.ga.ConstructionFailedException: Max recursion depth reached
[MASTER] 15:48:51.450 [pool-2-thread-1] WARN  TestChromosome - Functional mock problem: org.evosuite.ga.ConstructionFailedException: Failed to add constructor for java.util.LinkedHashSet due to org.evosuite.ga.ConstructionFailedException: Failed to add constructor for java.util.LinkedList due to org.evosuite.ga.ConstructionFailedException: No objects and generators for type class com.cheops.candidatemanager.services.impl.ApplicationProcessService
[MASTER] 15:49:24.041 [pool-2-thread-1] WARN  TestChromosome - Functional mock problem: org.evosuite.ga.ConstructionFailedException: Failed to add constructor for java.sql.SQLTimeoutException due to org.evosuite.ga.ConstructionFailedException: Failed to add constructor for java.sql.SQLClientInfoException due to org.evosuite.ga.ConstructionFailedException: Failed to add constructor for java.sql.SQLClientInfoException due to org.evosuite.ga.ConstructionFailedException: Failed to add constructor for java.sql.SQLClientInfoException due to org.evosuite.ga.ConstructionFailedException: Max recursion depth reached
[MASTER] 15:49:28.073 [pool-2-thread-1] WARN  TestChromosome - Functional mock problem: org.evosuite.ga.ConstructionFailedException: Error: VariableReference: Statement 15, type java.util.function.Function<java.lang.Object, java.util.Optional<com.cheops.candidatemanager.models.Candidate>> is not assignable to java.util.function.Function<? super java.time.DayOfWeek, ? extends java.util.Optional<java.time.DayOfWeek>>
[MASTER] 15:49:37.425 [pool-2-thread-1] WARN  TestChromosome - Functional mock problem: org.evosuite.ga.ConstructionFailedException: Error: VariableReference: Statement 19, type java.util.function.Function<java.lang.Object, java.util.Optional<com.cheops.candidatemanager.models.Candidate>> is not assignable to java.util.function.Function<? super java.lang.Object, ? extends java.util.Optional<com.cheops.candidatemanager.models.Skills>>
[MASTER] 15:49:41.648 [pool-2-thread-1] WARN  TestChromosome - Functional mock problem: org.evosuite.ga.ConstructionFailedException: Failed to add constructor for java.sql.SQLTimeoutException due to org.evosuite.ga.ConstructionFailedException: Failed to add constructor for java.sql.SQLTransientConnectionException due to org.evosuite.ga.ConstructionFailedException: Failed to add constructor for java.sql.SQLDataException due to org.evosuite.ga.ConstructionFailedException: Failed to add constructor for java.sql.SQLSyntaxErrorException due to org.evosuite.ga.ConstructionFailedException: Failed to add constructor for java.sql.SQLTimeoutException due to org.evosuite.ga.ConstructionFailedException: Max recursion depth reached
[MASTER] 15:49:51.197 [pool-2-thread-1] WARN  TestChromosome - Functional mock problem: org.evosuite.ga.ConstructionFailedException: Failed to add constructor for java.util.TreeSet due to org.evosuite.ga.ConstructionFailedException: Failed to add constructor for java.util.LinkedList due to org.evosuite.ga.ConstructionFailedException: No objects and generators for type class com.cheops.candidatemanager.services.impl.ApplicationProcessService
[MASTER] 15:49:56.194 [pool-2-thread-1] WARN  TestChromosome - Functional mock problem: org.evosuite.ga.ConstructionFailedException: Have no generator for java.util.function.UnaryOperator<com.cheops.candidatemanager.models.Address> canUseFunctionalMocks=false, canBeMocked: true
