[MASTER] 15:49:43.363 [pool-2-thread-1] WARN  CheapPurityAnalyzer - org.apache.commons.fileupload.FileItem was not found in the inheritance tree. Using DEFAULT value for cheap-purity analysis
[MASTER] 15:49:43.374 [pool-2-thread-1] WARN  InheritanceTree - Class not in inheritance graph: org.apache.commons.fileupload.FileItem
[MASTER] 15:49:43.374 [pool-2-thread-1] WARN  CheapPurityAnalyzer - org.apache.commons.fileupload.FileItem was not found in the inheritance tree. Using DEFAULT value for cheap-purity analysis
[MASTER] 15:49:43.374 [pool-2-thread-1] WARN  CheapPurityAnalyzer - org.apache.commons.fileupload.FileItem was not found in the inheritance tree. Using DEFAULT value for cheap-purity analysis
[MASTER] 15:49:48.548 [pool-2-thread-1] WARN  CheapPurityAnalyzer - kotlin.jvm.internal.Intrinsics was not found in the inheritance tree. Using DEFAULT value for cheap-purity analysis
[MASTER] 15:49:48.548 [pool-2-thread-1] WARN  InheritanceTree - Class not in inheritance graph: kotlin.jvm.internal.Intrinsics
[MASTER] 15:49:49.412 [pool-2-thread-1] WARN  CheapPurityAnalyzer - kotlin.reflect.jvm.ReflectJvmMapping was not found in the inheritance tree. Using DEFAULT value for cheap-purity analysis
[MASTER] 15:49:49.413 [pool-2-thread-1] WARN  InheritanceTree - Class not in inheritance graph: kotlin.reflect.jvm.ReflectJvmMapping
[MASTER] 15:49:57.043 [pool-2-thread-1] WARN  InheritanceTree - Class not in inheritance graph: javax.faces.context.FacesContext
[MASTER] 15:50:02.347 [pool-2-thread-1] WARN  TestSuiteSerialization - Cannot load tests because file does not exist: C:\Users\thomas.verhulst\Documents\workspace-sts-3.9.5.RELEASE\candidatemanager\.evosuite\evosuite-seeds\com.cheops.candidatemanager.controllers.CancidateController.seed
[MASTER] 15:50:02.510 [pool-2-thread-1] WARN  TimeController - Phase INITIALIZATION lasted too long, 2 seconds more than allowed.
[MASTER] 15:50:05.316 [pool-2-thread-1] WARN  InheritanceTree - Class not in inheritance graph: javax.faces.context.ExceptionHandler
[MASTER] 15:50:05.325 [pool-2-thread-1] WARN  InheritanceTree - Class not in inheritance graph: javax.faces.context.ResponseStream
[MASTER] 15:50:05.325 [pool-2-thread-1] WARN  InheritanceTree - Class not in inheritance graph: javax.faces.context.ResponseWriter
[MASTER] 15:50:06.571 [pool-2-thread-1] WARN  InheritanceTree - Class not in inheritance graph: javax.faces.component.behavior.ClientBehavior
[MASTER] 15:50:06.576 [pool-2-thread-1] WARN  InheritanceTree - Class not in inheritance graph: javax.faces.component.UIComponent
[MASTER] 15:50:06.578 [pool-2-thread-1] WARN  InheritanceTree - Class not in inheritance graph: javax.faces.event.FacesEvent
[MASTER] 15:50:06.581 [pool-2-thread-1] WARN  InheritanceTree - Class not in inheritance graph: javax.faces.component.ContextCallback
[MASTER] 15:50:06.582 [pool-2-thread-1] WARN  InheritanceTree - Class not in inheritance graph: javax.faces.event.ComponentSystemEvent
[MASTER] 15:50:06.591 [pool-2-thread-1] WARN  InheritanceTree - Class not in inheritance graph: javax.faces.el.ValueBinding
[MASTER] 15:50:06.602 [pool-2-thread-1] WARN  InheritanceTree - Class not in inheritance graph: javax.faces.event.ComponentSystemEventListener
[MASTER] 15:50:06.602 [pool-2-thread-1] WARN  InheritanceTree - Class not in inheritance graph: javax.faces.event.SystemEventListener
[MASTER] 15:50:06.603 [pool-2-thread-1] WARN  InheritanceTree - Class not in inheritance graph: javax.faces.component.visit.VisitContext
[MASTER] 15:50:06.606 [pool-2-thread-1] WARN  InheritanceTree - Class not in inheritance graph: javax.faces.component.visit.VisitCallback
[MASTER] 15:50:06.621 [pool-2-thread-1] WARN  CheapPurityAnalyzer - joptsimple.OptionSet was not found in the inheritance tree. Using DEFAULT value for cheap-purity analysis
[MASTER] 15:50:06.621 [pool-2-thread-1] WARN  InheritanceTree - Class not in inheritance graph: joptsimple.OptionSet
[MASTER] 15:50:19.801 [pool-2-thread-1] WARN  TestChromosome - Functional mock problem: org.evosuite.ga.ConstructionFailedException: Failed to add constructor for com.cheops.candidatemanager.models.Candidate due to org.evosuite.ga.ConstructionFailedException: Failed to add constructor for org.h2.expression.JavaAggregate due to org.evosuite.ga.ConstructionFailedException: Failed to add constructor for org.h2.table.FunctionTable due to org.evosuite.ga.ConstructionFailedException: Failed to add constructor for org.h2.schema.Schema due to org.evosuite.ga.ConstructionFailedException: Failed to add constructor for org.h2.engine.Database due to org.evosuite.ga.ConstructionFailedException: Max recursion depth reached
[MASTER] 15:50:19.823 [pool-2-thread-1] WARN  TestChromosome - Functional mock problem: org.evosuite.ga.ConstructionFailedException: Have no generator for interface com.cheops.candidatemanager.repositories.CandidateRepository canUseFunctionalMocks=false, canBeMocked: true
[MASTER] 15:50:20.300 [pool-2-thread-1] WARN  TestChromosome - Functional mock problem: org.evosuite.ga.ConstructionFailedException: Have no generator for class org.hibernate.annotations.common.reflection.java.JavaXMethod canUseFunctionalMocks=false, canBeMocked: true
[MASTER] 15:50:21.630 [pool-2-thread-1] WARN  TestFactory - Bounded variable issue when calling createVariable()
[MASTER] 15:50:22.066 [pool-2-thread-1] WARN  TestChromosome - Functional mock problem: org.evosuite.ga.ConstructionFailedException: Have no generator for interface com.cheops.candidatemanager.repositories.AddressRepository canUseFunctionalMocks=false, canBeMocked: true
[MASTER] 15:50:22.483 [pool-2-thread-1] WARN  TestChromosome - Functional mock problem: org.evosuite.ga.ConstructionFailedException: Failed to add constructor for com.mysql.jdbc.JDBC42CallableStatement due to org.evosuite.ga.ConstructionFailedException: Have no generator for class com.mysql.jdbc.CallableStatement$CallableStatementParamInfo canUseFunctionalMocks=true, canBeMocked: false
[MASTER] 15:50:23.844 [pool-2-thread-1] WARN  TestChromosome - Functional mock problem: org.evosuite.ga.ConstructionFailedException: Have no generator for java.lang.reflect.Constructor<java.lang.String> canUseFunctionalMocks=false, canBeMocked: false
[MASTER] 15:50:24.764 [pool-2-thread-1] WARN  TestChromosome - Functional mock problem: org.evosuite.ga.ConstructionFailedException: Failed to add constructor for org.hibernate.query.internal.CollectionFilterImpl due to org.evosuite.ga.ConstructionFailedException: Failed to add constructor for org.hibernate.procedure.internal.ProcedureCallImpl due to org.evosuite.ga.ConstructionFailedException: Failed to add constructor for org.hibernate.internal.SessionImpl due to org.evosuite.ga.ConstructionFailedException: Failed to add constructor for org.hibernate.internal.SessionFactoryImpl due to org.evosuite.ga.ConstructionFailedException: Max recursion depth reached
[MASTER] 15:50:24.918 [pool-2-thread-1] WARN  TestChromosome - Functional mock problem: org.evosuite.ga.ConstructionFailedException: Have no generator for java.lang.reflect.Constructor<javax.swing.JToolBar$Separator> canUseFunctionalMocks=true, canBeMocked: false
[MASTER] 15:50:25.664 [pool-2-thread-1] WARN  TestChromosome - Functional mock problem: org.evosuite.ga.ConstructionFailedException: Failed to add constructor for com.cheops.candidatemanager.models.Candidate due to org.evosuite.ga.ConstructionFailedException: Failed to add constructor for org.bouncycastle.jce.provider.X509CertificateObject due to org.evosuite.ga.ConstructionFailedException: Failed to add constructor for org.bouncycastle.asn1.DERTaggedObject due to org.evosuite.ga.ConstructionFailedException: Max recursion depth reached
