[MASTER] 14:45:41.475 [pool-2-thread-1] WARN  CheapPurityAnalyzer - org.apache.commons.fileupload.FileItem was not found in the inheritance tree. Using DEFAULT value for cheap-purity analysis
[MASTER] 14:45:41.487 [pool-2-thread-1] WARN  InheritanceTree - Class not in inheritance graph: org.apache.commons.fileupload.FileItem
[MASTER] 14:45:41.487 [pool-2-thread-1] WARN  CheapPurityAnalyzer - org.apache.commons.fileupload.FileItem was not found in the inheritance tree. Using DEFAULT value for cheap-purity analysis
[MASTER] 14:45:41.488 [pool-2-thread-1] WARN  CheapPurityAnalyzer - org.apache.commons.fileupload.FileItem was not found in the inheritance tree. Using DEFAULT value for cheap-purity analysis
[MASTER] 14:45:47.323 [pool-2-thread-1] WARN  TestFactory - Bounded variable issue when calling createVariable()
[MASTER] 14:45:47.323 [pool-2-thread-1] WARN  TestChromosome - Functional mock problem: org.evosuite.ga.ConstructionFailedException: No objects and generators for type class com.cheops.candidatemanager.services.impl.ApplicationProcessService
[MASTER] 14:45:48.217 [pool-2-thread-1] WARN  TestChromosome - Functional mock problem: org.evosuite.ga.ConstructionFailedException: Have no generator for java.util.Optional<com.cheops.candidatemanager.models.ApplicationProcess> canUseFunctionalMocks=true, canBeMocked: false
[MASTER] 14:45:48.526 [pool-2-thread-1] WARN  TestChromosome - Functional mock problem: org.evosuite.ga.ConstructionFailedException: Failed to add constructor for java.util.HashSet due to org.evosuite.ga.ConstructionFailedException: No objects and generators for type class com.cheops.candidatemanager.services.impl.ApplicationProcessService
[MASTER] 14:45:48.939 [pool-2-thread-1] WARN  TestChromosome - Functional mock problem: org.evosuite.ga.ConstructionFailedException: Failed to add constructor for com.cheops.candidatemanager.models.ApplicationProcess due to org.evosuite.ga.ConstructionFailedException: Max recursion depth reached
[MASTER] 14:45:49.296 [pool-2-thread-1] WARN  TestChromosome - Functional mock problem: org.evosuite.ga.ConstructionFailedException: Failed to add constructor for java.util.LinkedHashSet due to org.evosuite.ga.ConstructionFailedException: No objects and generators for type class com.cheops.candidatemanager.services.impl.ApplicationProcessService
[MASTER] 14:45:49.687 [pool-2-thread-1] WARN  TestChromosome - Functional mock problem: org.evosuite.ga.ConstructionFailedException: Failed to add constructor for java.util.PriorityQueue due to org.evosuite.ga.ConstructionFailedException: No objects and generators for type class com.cheops.candidatemanager.services.impl.ApplicationProcessService
[MASTER] 14:45:49.858 [pool-2-thread-1] WARN  TestChromosome - Functional mock problem: org.evosuite.ga.ConstructionFailedException: Failed to add constructor for java.util.LinkedList due to org.evosuite.ga.ConstructionFailedException: No objects and generators for type class com.cheops.candidatemanager.services.impl.ApplicationProcessService
[MASTER] 14:45:50.538 [pool-2-thread-1] WARN  TestChromosome - Functional mock problem: org.evosuite.ga.ConstructionFailedException: Have no generator for class java.time.chrono.ThaiBuddhistChronology canUseFunctionalMocks=true, canBeMocked: false
[MASTER] 14:45:50.857 [pool-2-thread-1] WARN  TestChromosome - Functional mock problem: org.evosuite.ga.ConstructionFailedException: Have no generator for class java.time.chrono.HijrahChronology canUseFunctionalMocks=true, canBeMocked: false
[MASTER] 14:45:50.885 [pool-2-thread-1] WARN  TestChromosome - Functional mock problem: org.evosuite.ga.ConstructionFailedException: Have no generator for java.util.Optional<com.cheops.candidatemanager.models.ApplicationProcess> canUseFunctionalMocks=false, canBeMocked: false
[MASTER] 14:45:51.243 [pool-2-thread-1] WARN  TestChromosome - Functional mock problem: org.evosuite.ga.ConstructionFailedException: Failed to add constructor for java.util.Vector due to org.evosuite.ga.ConstructionFailedException: No objects and generators for type class com.cheops.candidatemanager.services.impl.ApplicationProcessService
[MASTER] 14:45:51.312 [pool-2-thread-1] WARN  TestChromosome - Functional mock problem: org.evosuite.ga.ConstructionFailedException: Max recursion depth reached
[MASTER] 14:45:51.606 [pool-2-thread-1] WARN  TestChromosome - Functional mock problem: org.evosuite.ga.ConstructionFailedException: Failed to add constructor for java.sql.SQLClientInfoException due to org.evosuite.ga.ConstructionFailedException: Failed to add constructor for java.sql.SQLClientInfoException due to org.evosuite.ga.ConstructionFailedException: Max recursion depth reached
[MASTER] 14:45:51.616 [pool-2-thread-1] WARN  TestChromosome - Functional mock problem: org.evosuite.ga.ConstructionFailedException: Failed to add constructor for java.util.ArrayList due to org.evosuite.ga.ConstructionFailedException: No objects and generators for type class com.cheops.candidatemanager.services.impl.ApplicationProcessService
