[MASTER] 15:51:29.454 [pool-2-thread-1] WARN  TestFactory - Bounded variable issue when calling createVariable()
[MASTER] 15:51:29.467 [pool-2-thread-1] WARN  TestChromosome - Functional mock problem: org.evosuite.ga.ConstructionFailedException: No objects and generators for type class com.tv.tutorials.coolestuffvoorcheops.services.impl.SkillsService
[MASTER] 15:51:29.671 [pool-2-thread-1] WARN  TestChromosome - Functional mock problem: org.evosuite.ga.ConstructionFailedException: Have no generator for java.util.Optional<com.tv.tutorials.coolestuffvoorcheops.models.Skills> canUseFunctionalMocks=false, canBeMocked: false
[MASTER] 15:51:31.465 [pool-2-thread-1] WARN  TestChromosome - Functional mock problem: org.evosuite.ga.ConstructionFailedException: Have no generator for java.util.Optional<com.tv.tutorials.coolestuffvoorcheops.models.Skills> canUseFunctionalMocks=true, canBeMocked: false
[MASTER] 15:51:32.687 [pool-2-thread-1] WARN  TestChromosome - Functional mock problem: org.evosuite.ga.ConstructionFailedException: Failed to add constructor for java.util.LinkedList due to org.evosuite.ga.ConstructionFailedException: No objects and generators for type class com.tv.tutorials.coolestuffvoorcheops.services.impl.SkillsService
[MASTER] 15:51:44.403 [pool-2-thread-1] WARN  TestChromosome - Functional mock problem: org.evosuite.ga.ConstructionFailedException: Failed to add constructor for java.sql.SQLInvalidAuthorizationSpecException due to org.evosuite.ga.ConstructionFailedException: Failed to add constructor for java.sql.SQLTransientException due to org.evosuite.ga.ConstructionFailedException: Failed to add constructor for java.sql.SQLTransactionRollbackException due to org.evosuite.ga.ConstructionFailedException: Max recursion depth reached
[MASTER] 15:51:49.318 [pool-2-thread-1] WARN  TestChromosome - Functional mock problem: org.evosuite.ga.ConstructionFailedException: Failed to add constructor for java.sql.SQLInvalidAuthorizationSpecException due to org.evosuite.ga.ConstructionFailedException: Failed to add constructor for java.sql.SQLTransientException due to org.evosuite.ga.ConstructionFailedException: Failed to add constructor for java.sql.SQLDataException due to org.evosuite.ga.ConstructionFailedException: Failed to add constructor for java.sql.SQLWarning due to org.evosuite.ga.ConstructionFailedException: Failed to add constructor for java.sql.SQLException due to org.evosuite.ga.ConstructionFailedException: Max recursion depth reached
[MASTER] 15:51:49.914 [pool-2-thread-1] WARN  TestChromosome - Functional mock problem: org.evosuite.ga.ConstructionFailedException: Failed to add constructor for java.util.ArrayList due to org.evosuite.ga.ConstructionFailedException: No objects and generators for type class com.tv.tutorials.coolestuffvoorcheops.services.impl.SkillsService
[MASTER] 15:51:50.432 [pool-2-thread-1] WARN  TestChromosome - Functional mock problem: org.evosuite.ga.ConstructionFailedException: Failed to add constructor for java.sql.SQLInvalidAuthorizationSpecException due to org.evosuite.ga.ConstructionFailedException: Failed to add constructor for java.sql.SQLTransientConnectionException due to org.evosuite.ga.ConstructionFailedException: Failed to add constructor for java.sql.SQLSyntaxErrorException due to org.evosuite.ga.ConstructionFailedException: Failed to add constructor for java.sql.SQLClientInfoException due to org.evosuite.ga.ConstructionFailedException: Failed to add constructor for java.sql.SQLClientInfoException due to org.evosuite.ga.ConstructionFailedException: Max recursion depth reached
[MASTER] 15:51:58.902 [pool-2-thread-1] WARN  TestChromosome - Functional mock problem: org.evosuite.ga.ConstructionFailedException: Failed to add constructor for java.sql.SQLInvalidAuthorizationSpecException due to org.evosuite.ga.ConstructionFailedException: Failed to add constructor for java.sql.SQLTransientException due to org.evosuite.ga.ConstructionFailedException: Failed to add constructor for java.sql.SQLDataException due to org.evosuite.ga.ConstructionFailedException: Max recursion depth reached
[MASTER] 15:51:59.755 [pool-2-thread-1] WARN  TestChromosome - Functional mock problem: org.evosuite.ga.ConstructionFailedException: Have no generator for java.util.Optional<java.lang.String> canUseFunctionalMocks=false, canBeMocked: false
[MASTER] 15:52:00.301 [pool-2-thread-1] WARN  TestChromosome - Functional mock problem: org.evosuite.ga.ConstructionFailedException: Have no generator for java.util.function.UnaryOperator<java.lang.Object> canUseFunctionalMocks=false, canBeMocked: true
[MASTER] 15:52:05.027 [pool-2-thread-1] WARN  TestChromosome - Functional mock problem: org.evosuite.ga.ConstructionFailedException: Error: VariableReference: Statement 7, type java.util.function.Function<java.lang.Object, java.util.ArrayList<com.tv.tutorials.coolestuffvoorcheops.models.Skills>> is not assignable to java.util.function.Function<? super java.util.ArrayList<java.sql.SQLInvalidAuthorizationSpecException>, ? extends java.util.ArrayList<java.sql.SQLInvalidAuthorizationSpecException>>
[MASTER] 15:52:06.874 [pool-2-thread-1] WARN  TestChromosome - Functional mock problem: org.evosuite.ga.ConstructionFailedException: Have no generator for java.util.Optional<java.lang.String> canUseFunctionalMocks=true, canBeMocked: false
[MASTER] 15:52:07.884 [pool-2-thread-1] WARN  TestChromosome - Functional mock problem: org.evosuite.ga.ConstructionFailedException: Failed to add constructor for java.sql.SQLInvalidAuthorizationSpecException due to org.evosuite.ga.ConstructionFailedException: Failed to add constructor for java.sql.BatchUpdateException due to org.evosuite.ga.ConstructionFailedException: Failed to add constructor for java.sql.SQLTransientConnectionException due to org.evosuite.ga.ConstructionFailedException: Max recursion depth reached
[MASTER] 15:52:08.278 [pool-2-thread-1] WARN  TestChromosome - Functional mock problem: org.evosuite.ga.ConstructionFailedException: Error: VariableReference: Statement 9, type java.util.function.Function<java.lang.Object, java.util.Optional<java.lang.String>> is not assignable to java.util.function.Function<? super java.lang.String, ? extends java.util.Optional<com.tv.tutorials.coolestuffvoorcheops.models.Skills>>
[MASTER] 15:52:08.346 [pool-2-thread-1] WARN  TestChromosome - Functional mock problem: org.evosuite.ga.ConstructionFailedException: Failed to add constructor for java.sql.SQLInvalidAuthorizationSpecException due to org.evosuite.ga.ConstructionFailedException: Failed to add constructor for java.sql.SQLIntegrityConstraintViolationException due to org.evosuite.ga.ConstructionFailedException: Failed to add constructor for java.sql.SQLClientInfoException due to org.evosuite.ga.ConstructionFailedException: Failed to add constructor for java.sql.SQLClientInfoException due to org.evosuite.ga.ConstructionFailedException: Max recursion depth reached
[MASTER] 15:52:12.445 [pool-2-thread-1] WARN  TestChromosome - Functional mock problem: org.evosuite.ga.ConstructionFailedException: Failed to add constructor for java.sql.SQLInvalidAuthorizationSpecException due to org.evosuite.ga.ConstructionFailedException: Failed to add constructor for java.sql.SQLTransientException due to org.evosuite.ga.ConstructionFailedException: Failed to add constructor for java.sql.SQLRecoverableException due to org.evosuite.ga.ConstructionFailedException: Max recursion depth reached
[MASTER] 15:52:13.626 [pool-2-thread-1] WARN  TestChromosome - Functional mock problem: org.evosuite.ga.ConstructionFailedException: Failed to add constructor for java.sql.SQLInvalidAuthorizationSpecException due to org.evosuite.ga.ConstructionFailedException: Failed to add constructor for java.sql.SQLRecoverableException due to org.evosuite.ga.ConstructionFailedException: Failed to add constructor for java.sql.SQLTimeoutException due to org.evosuite.ga.ConstructionFailedException: Failed to add constructor for java.sql.SQLIntegrityConstraintViolationException due to org.evosuite.ga.ConstructionFailedException: Failed to add constructor for java.sql.SQLClientInfoException due to org.evosuite.ga.ConstructionFailedException: Max recursion depth reached
[MASTER] 15:52:22.048 [pool-2-thread-1] WARN  TestChromosome - Functional mock problem: org.evosuite.ga.ConstructionFailedException: Error: VariableReference: Statement 9, type java.util.function.Function<java.lang.String, java.util.Optional<java.lang.String>> is not assignable to java.util.function.Function<? super java.lang.String, ? extends java.util.Optional<java.util.Optional<com.tv.tutorials.coolestuffvoorcheops.models.Skills>>>
[MASTER] 15:52:32.106 [pool-2-thread-1] WARN  TestChromosome - Functional mock problem: org.evosuite.ga.ConstructionFailedException: Failed to add constructor for java.util.LinkedHashSet due to org.evosuite.ga.ConstructionFailedException: No objects and generators for type class com.tv.tutorials.coolestuffvoorcheops.services.impl.SkillsService
[MASTER] 15:53:18.125 [pool-2-thread-1] WARN  TestChromosome - Functional mock problem: org.evosuite.ga.ConstructionFailedException: Failed to add constructor for java.util.HashSet due to org.evosuite.ga.ConstructionFailedException: No objects and generators for type class com.tv.tutorials.coolestuffvoorcheops.services.impl.SkillsService
