[MASTER] 11:22:27.896 [pool-2-thread-1] WARN  CheapPurityAnalyzer - org.apache.commons.fileupload.FileItem was not found in the inheritance tree. Using DEFAULT value for cheap-purity analysis
[MASTER] 11:22:27.904 [pool-2-thread-1] WARN  InheritanceTree - Class not in inheritance graph: org.apache.commons.fileupload.FileItem
[MASTER] 11:22:27.905 [pool-2-thread-1] WARN  CheapPurityAnalyzer - org.apache.commons.fileupload.FileItem was not found in the inheritance tree. Using DEFAULT value for cheap-purity analysis
[MASTER] 11:22:27.905 [pool-2-thread-1] WARN  CheapPurityAnalyzer - org.apache.commons.fileupload.FileItem was not found in the inheritance tree. Using DEFAULT value for cheap-purity analysis
[MASTER] 11:22:28.711 [pool-2-thread-1] WARN  TestSuiteSerialization - Cannot load tests because file does not exist: C:\Users\thomas.verhulst\Documents\workspace-sts-3.9.5.RELEASE\coolestuffvoorcheops\.evosuite\evosuite-seeds\com.cheops.candidatemanager.services.impl.ApplicationProcessService.seed
[MASTER] 11:22:33.398 [pool-2-thread-1] WARN  TestFactory - Bounded variable issue when calling createVariable()
[MASTER] 11:22:33.398 [pool-2-thread-1] WARN  TestChromosome - Functional mock problem: org.evosuite.ga.ConstructionFailedException: No objects and generators for type class com.cheops.candidatemanager.services.impl.ApplicationProcessService
[MASTER] 11:22:33.425 [pool-2-thread-1] WARN  TestChromosome - Functional mock problem: org.evosuite.ga.ConstructionFailedException: Have no generator for java.util.Optional<com.cheops.candidatemanager.models.ApplicationProcess> canUseFunctionalMocks=true, canBeMocked: false
[MASTER] 11:22:33.620 [pool-2-thread-1] WARN  TestChromosome - Functional mock problem: org.evosuite.ga.ConstructionFailedException: Failed to add constructor for java.util.LinkedHashSet due to org.evosuite.ga.ConstructionFailedException: No objects and generators for type class com.cheops.candidatemanager.services.impl.ApplicationProcessService
[MASTER] 11:22:33.627 [pool-2-thread-1] WARN  TestChromosome - Functional mock problem: org.evosuite.ga.ConstructionFailedException: Failed to add constructor for com.cheops.candidatemanager.models.ApplicationProcess due to org.evosuite.ga.ConstructionFailedException: Max recursion depth reached
[MASTER] 11:22:33.676 [pool-2-thread-1] WARN  TestChromosome - Functional mock problem: org.evosuite.ga.ConstructionFailedException: Have no generator for java.util.Optional<com.cheops.candidatemanager.models.ApplicationProcess> canUseFunctionalMocks=false, canBeMocked: false
[MASTER] 11:22:33.774 [pool-2-thread-1] WARN  TestChromosome - Functional mock problem: org.evosuite.ga.ConstructionFailedException: Failed to add constructor for java.util.HashMap due to org.evosuite.ga.ConstructionFailedException: Error: VariableReference: Statement 1, type java.util.HashMap<com.cheops.candidatemanager.models.ApplicationProcess, java.util.LinkedList<java.time.Month>> is not assignable to java.util.Map<? extends com.cheops.candidatemanager.models.ApplicationProcess, ? extends java.util.LinkedList<com.cheops.candidatemanager.models.ApplicationProcess>>
[MASTER] 11:22:35.979 [pool-2-thread-1] WARN  TestChromosome - Functional mock problem: org.evosuite.ga.ConstructionFailedException: Failed to add constructor for java.util.ArrayList due to org.evosuite.ga.ConstructionFailedException: No objects and generators for type class com.cheops.candidatemanager.services.impl.ApplicationProcessService
[MASTER] 11:22:36.520 [pool-2-thread-1] WARN  TestChromosome - Functional mock problem: org.evosuite.ga.ConstructionFailedException: Have no generator for class java.time.chrono.JapaneseChronology canUseFunctionalMocks=true, canBeMocked: false
[MASTER] 11:22:36.754 [pool-2-thread-1] WARN  TestChromosome - Functional mock problem: org.evosuite.ga.ConstructionFailedException: Error: VariableReference: Statement 5, type java.util.function.Function<java.lang.Object, java.util.ArrayList<java.lang.String>> is not assignable to java.util.function.Function<? super java.util.ArrayList<java.lang.Object>, ? extends java.util.ArrayList<java.lang.Object>>
[MASTER] 11:22:37.184 [pool-2-thread-1] WARN  TestChromosome - Functional mock problem: org.evosuite.ga.ConstructionFailedException: Max recursion depth reached
[MASTER] 11:22:38.613 [pool-2-thread-1] WARN  TestChromosome - Functional mock problem: org.evosuite.ga.ConstructionFailedException: Failed to add constructor for java.util.LinkedList due to org.evosuite.ga.ConstructionFailedException: No objects and generators for type class com.cheops.candidatemanager.services.impl.ApplicationProcessService
[MASTER] 11:22:38.865 [pool-2-thread-1] WARN  TestChromosome - Functional mock problem: org.evosuite.ga.ConstructionFailedException: Have no generator for java.util.Optional<java.time.Month> canUseFunctionalMocks=false, canBeMocked: false
[MASTER] 11:22:41.487 [pool-2-thread-1] WARN  TestChromosome - Functional mock problem: org.evosuite.ga.ConstructionFailedException: Failed to add constructor for java.sql.SQLTransientConnectionException due to org.evosuite.ga.ConstructionFailedException: Failed to add constructor for java.sql.BatchUpdateException due to org.evosuite.ga.ConstructionFailedException: Failed to add constructor for java.sql.SQLDataException due to org.evosuite.ga.ConstructionFailedException: Failed to add constructor for java.sql.BatchUpdateException due to org.evosuite.ga.ConstructionFailedException: Failed to add constructor for java.sql.SQLWarning due to org.evosuite.ga.ConstructionFailedException: Max recursion depth reached
[MASTER] 11:22:41.657 [pool-2-thread-1] WARN  TestChromosome - Functional mock problem: org.evosuite.ga.ConstructionFailedException: Error: VariableReference: Statement 18, type java.util.function.Function<java.lang.Object, java.util.Optional<java.time.Month>> is not assignable to java.util.function.Function<? super java.lang.Integer, ? extends java.util.Optional<java.lang.Integer>>
[MASTER] 11:22:43.367 [pool-2-thread-1] WARN  TestChromosome - Functional mock problem: org.evosuite.ga.ConstructionFailedException: Error: VariableReference: Statement 6, type java.util.function.Function<java.time.Month, java.util.ArrayList<java.time.chrono.ChronoLocalDate>> is not assignable to java.util.function.Function<? super java.time.Month, ? extends java.util.ArrayList<java.time.Month>>
[MASTER] 11:22:44.021 [pool-2-thread-1] WARN  TestChromosome - Functional mock problem: org.evosuite.ga.ConstructionFailedException: Error: VariableReference: Statement 4, type java.util.function.Function<java.lang.Integer, java.util.Optional<java.time.Month>> is not assignable to java.util.function.Function<? super java.lang.Integer, ? extends java.util.Optional<java.lang.Integer>>
[MASTER] 11:22:46.484 [pool-2-thread-1] WARN  TestChromosome - Functional mock problem: org.evosuite.ga.ConstructionFailedException: Have no generator for class java.time.chrono.HijrahChronology canUseFunctionalMocks=true, canBeMocked: false
[MASTER] 11:22:50.235 [pool-2-thread-1] WARN  TestChromosome - Functional mock problem: org.evosuite.ga.ConstructionFailedException: Have no generator for class java.time.chrono.MinguoChronology canUseFunctionalMocks=true, canBeMocked: false
[MASTER] 11:23:01.103 [pool-2-thread-1] WARN  TestChromosome - Functional mock problem: org.evosuite.ga.ConstructionFailedException: Failed to add constructor for java.sql.SQLTransactionRollbackException due to org.evosuite.ga.ConstructionFailedException: Failed to add constructor for java.sql.SQLClientInfoException due to org.evosuite.ga.ConstructionFailedException: Failed to add constructor for java.sql.SQLNonTransientConnectionException due to org.evosuite.ga.ConstructionFailedException: Max recursion depth reached
[MASTER] 11:23:09.417 [pool-2-thread-1] WARN  TestChromosome - Functional mock problem: org.evosuite.ga.ConstructionFailedException: Error: VariableReference: Statement 7, type java.util.function.Function<java.lang.Object, java.util.Optional<java.time.Month>> is not assignable to java.util.function.Function<? super java.time.Month, ? extends java.util.Optional<java.lang.Integer>>
[MASTER] 11:23:09.522 [pool-2-thread-1] WARN  TestChromosome - Functional mock problem: org.evosuite.ga.ConstructionFailedException: Failed to add constructor for java.util.Vector due to org.evosuite.ga.ConstructionFailedException: No objects and generators for type class com.cheops.candidatemanager.services.impl.ApplicationProcessService
[MASTER] 11:23:09.699 [pool-2-thread-1] WARN  TestChromosome - Functional mock problem: org.evosuite.ga.ConstructionFailedException: Failed to add constructor for java.util.ArrayDeque due to org.evosuite.ga.ConstructionFailedException: No objects and generators for type class com.cheops.candidatemanager.services.impl.ApplicationProcessService
[MASTER] 11:23:10.175 [pool-2-thread-1] WARN  TestChromosome - Functional mock problem: org.evosuite.ga.ConstructionFailedException: Failed to add constructor for java.util.HashSet due to org.evosuite.ga.ConstructionFailedException: No objects and generators for type class com.cheops.candidatemanager.services.impl.ApplicationProcessService
[MASTER] 11:23:10.950 [pool-2-thread-1] WARN  TestChromosome - Functional mock problem: org.evosuite.ga.ConstructionFailedException: Failed to add constructor for java.util.ArrayDeque due to org.evosuite.ga.ConstructionFailedException: Failed to add constructor for java.util.TreeSet due to org.evosuite.ga.ConstructionFailedException: No objects and generators for type class com.cheops.candidatemanager.services.impl.ApplicationProcessService
[MASTER] 11:23:27.332 [pool-2-thread-1] WARN  TestChromosome - Functional mock problem: org.evosuite.ga.ConstructionFailedException: Failed to add constructor for java.util.TreeSet due to org.evosuite.ga.ConstructionFailedException: No objects and generators for type class com.cheops.candidatemanager.services.impl.ApplicationProcessService
[MASTER] 11:23:43.473 [pool-2-thread-1] WARN  TestChromosome - Functional mock problem: org.evosuite.ga.ConstructionFailedException: Failed to add constructor for java.util.HashMap due to org.evosuite.ga.ConstructionFailedException: Error: VariableReference: Statement 7, type java.util.HashMap<com.cheops.candidatemanager.models.ApplicationProcess, java.util.LinkedList<java.lang.String>> is not assignable to java.util.Map<? extends com.cheops.candidatemanager.models.ApplicationProcess, ? extends java.util.LinkedList<com.cheops.candidatemanager.models.ApplicationProcess>>
[MASTER] 11:23:49.342 [pool-2-thread-1] WARN  TestChromosome - Functional mock problem: org.evosuite.ga.ConstructionFailedException: Failed to add constructor for java.util.PriorityQueue due to org.evosuite.ga.ConstructionFailedException: No objects and generators for type class com.cheops.candidatemanager.services.impl.ApplicationProcessService
[MASTER] 11:24:00.893 [pool-2-thread-1] WARN  TestChromosome - Functional mock problem: org.evosuite.ga.ConstructionFailedException: Failed to add constructor for java.sql.SQLTimeoutException due to org.evosuite.ga.ConstructionFailedException: Failed to add constructor for java.sql.SQLWarning due to org.evosuite.ga.ConstructionFailedException: Failed to add constructor for java.sql.BatchUpdateException due to org.evosuite.ga.ConstructionFailedException: Failed to add constructor for org.evosuite.runtime.mock.java.lang.MockThrowable due to org.evosuite.ga.ConstructionFailedException: Failed to add constructor for java.sql.SQLSyntaxErrorException due to org.evosuite.ga.ConstructionFailedException: Max recursion depth reached
