[MASTER] 11:24:33.975 [pool-2-thread-1] WARN  CheapPurityAnalyzer - kotlin.reflect.jvm.ReflectJvmMapping was not found in the inheritance tree. Using DEFAULT value for cheap-purity analysis
[MASTER] 11:24:33.979 [pool-2-thread-1] WARN  InheritanceTree - Class not in inheritance graph: kotlin.reflect.jvm.ReflectJvmMapping
[MASTER] 11:24:35.453 [pool-2-thread-1] WARN  CheapPurityAnalyzer - kotlin.jvm.internal.Intrinsics was not found in the inheritance tree. Using DEFAULT value for cheap-purity analysis
[MASTER] 11:24:35.454 [pool-2-thread-1] WARN  InheritanceTree - Class not in inheritance graph: kotlin.jvm.internal.Intrinsics
[MASTER] 11:24:38.099 [pool-2-thread-1] WARN  TestSuiteSerialization - Cannot load tests because file does not exist: C:\Users\thomas.verhulst\Documents\workspace-sts-3.9.5.RELEASE\coolestuffvoorcheops\.evosuite\evosuite-seeds\com.cheops.candidatemanager.controllers.SalaryPackageController.seed
[MASTER] 11:24:45.458 [pool-2-thread-1] WARN  InheritanceTree - Class not in inheritance graph: javax.faces.context.FacesContext
[MASTER] 11:24:46.848 [pool-2-thread-1] WARN  CheapPurityAnalyzer - org.apache.commons.fileupload.FileItem was not found in the inheritance tree. Using DEFAULT value for cheap-purity analysis
[MASTER] 11:24:46.848 [pool-2-thread-1] WARN  InheritanceTree - Class not in inheritance graph: org.apache.commons.fileupload.FileItem
[MASTER] 11:24:46.848 [pool-2-thread-1] WARN  CheapPurityAnalyzer - org.apache.commons.fileupload.FileItem was not found in the inheritance tree. Using DEFAULT value for cheap-purity analysis
[MASTER] 11:24:46.848 [pool-2-thread-1] WARN  CheapPurityAnalyzer - org.apache.commons.fileupload.FileItem was not found in the inheritance tree. Using DEFAULT value for cheap-purity analysis
[MASTER] 11:24:47.293 [pool-2-thread-1] WARN  InheritanceTree - Class not in inheritance graph: javax.faces.context.ExceptionHandler
[MASTER] 11:24:47.299 [pool-2-thread-1] WARN  InheritanceTree - Class not in inheritance graph: javax.faces.context.ResponseStream
[MASTER] 11:24:47.300 [pool-2-thread-1] WARN  InheritanceTree - Class not in inheritance graph: javax.faces.context.ResponseWriter
[MASTER] 11:24:47.315 [pool-2-thread-1] WARN  CheapPurityAnalyzer - joptsimple.OptionSet was not found in the inheritance tree. Using DEFAULT value for cheap-purity analysis
[MASTER] 11:24:47.315 [pool-2-thread-1] WARN  InheritanceTree - Class not in inheritance graph: joptsimple.OptionSet
[MASTER] 11:24:47.986 [pool-2-thread-1] WARN  InheritanceTree - Class not in inheritance graph: javax.faces.component.behavior.ClientBehavior
[MASTER] 11:24:47.989 [pool-2-thread-1] WARN  InheritanceTree - Class not in inheritance graph: javax.faces.component.UIComponent
[MASTER] 11:24:47.990 [pool-2-thread-1] WARN  InheritanceTree - Class not in inheritance graph: javax.faces.event.FacesEvent
[MASTER] 11:24:47.992 [pool-2-thread-1] WARN  InheritanceTree - Class not in inheritance graph: javax.faces.component.ContextCallback
[MASTER] 11:24:47.992 [pool-2-thread-1] WARN  InheritanceTree - Class not in inheritance graph: javax.faces.event.ComponentSystemEvent
[MASTER] 11:24:47.997 [pool-2-thread-1] WARN  InheritanceTree - Class not in inheritance graph: javax.faces.el.ValueBinding
[MASTER] 11:24:48.004 [pool-2-thread-1] WARN  InheritanceTree - Class not in inheritance graph: javax.faces.event.ComponentSystemEventListener
[MASTER] 11:24:48.004 [pool-2-thread-1] WARN  InheritanceTree - Class not in inheritance graph: javax.faces.event.SystemEventListener
[MASTER] 11:24:48.004 [pool-2-thread-1] WARN  InheritanceTree - Class not in inheritance graph: javax.faces.component.visit.VisitContext
[MASTER] 11:24:48.006 [pool-2-thread-1] WARN  InheritanceTree - Class not in inheritance graph: javax.faces.component.visit.VisitCallback
[MASTER] 11:24:50.371 [pool-2-thread-1] WARN  InheritanceTree - Class not in inheritance graph: org.slf4j.Marker
[MASTER] 11:24:50.375 [pool-2-thread-1] WARN  InheritanceTree - Class not in inheritance graph: org.slf4j.event.LoggingEvent
[MASTER] 11:24:57.926 [pool-2-thread-1] WARN  TestChromosome - Functional mock problem: org.evosuite.ga.ConstructionFailedException: Failed to add constructor for org.hibernate.query.internal.CollectionFilterImpl due to org.evosuite.ga.ConstructionFailedException: Failed to add constructor for org.hibernate.procedure.internal.ProcedureCallImpl due to org.evosuite.ga.ConstructionFailedException: Failed to add constructor for org.hibernate.internal.SessionImpl due to org.evosuite.ga.ConstructionFailedException: Failed to add constructor for org.hibernate.internal.SessionFactoryImpl due to org.evosuite.ga.ConstructionFailedException: Max recursion depth reached
[MASTER] 11:24:58.558 [pool-2-thread-1] WARN  TestChromosome - Functional mock problem: org.evosuite.ga.ConstructionFailedException: Failed to add constructor for org.hibernate.query.internal.CollectionFilterImpl due to org.evosuite.ga.ConstructionFailedException: Failed to add constructor for org.hibernate.query.internal.ParameterMetadataImpl due to org.evosuite.ga.ConstructionFailedException: Failed to add constructor for org.hibernate.engine.query.spi.HQLQueryPlan due to org.evosuite.ga.ConstructionFailedException: Failed to add constructor for org.hibernate.engine.query.spi.EntityGraphQueryHint due to org.evosuite.ga.ConstructionFailedException: Failed to add constructor for org.hibernate.jpa.graph.internal.EntityGraphImpl due to org.evosuite.ga.ConstructionFailedException: Failed to add constructor for org.hibernate.metamodel.internal.EntityTypeImpl due to org.evosuite.ga.ConstructionFailedException: Max recursion depth reached
[MASTER] 11:24:58.887 [pool-2-thread-1] WARN  TestChromosome - Functional mock problem: org.evosuite.ga.ConstructionFailedException: Failed to add constructor for javax.naming.CompoundName due to org.evosuite.ga.ConstructionFailedException: Failed to add constructor for org.hibernate.mapping.PrimitiveArray due to org.evosuite.ga.ConstructionFailedException: Failed to add constructor for org.hibernate.boot.internal.MetadataImpl due to org.evosuite.ga.ConstructionFailedException: Failed to add constructor for org.hibernate.boot.internal.MetadataBuilderImpl$MetadataBuildingOptionsImpl due to org.evosuite.ga.ConstructionFailedException: Failed to add constructor for org.hibernate.boot.registry.internal.StandardServiceRegistryImpl due to org.evosuite.ga.ConstructionFailedException: Max recursion depth reached
[MASTER] 11:24:59.364 [pool-2-thread-1] WARN  TestChromosome - Functional mock problem: org.evosuite.ga.ConstructionFailedException: Error: VariableReference: Statement 23, type java.util.Optional<T> is not assignable to java.util.Optional<com.cheops.candidatemanager.models.Skills>
[MASTER] 11:24:59.505 [pool-2-thread-1] WARN  TestChromosome - Functional mock problem: org.evosuite.ga.ConstructionFailedException: Failed to add constructor for org.hibernate.query.internal.CollectionFilterImpl due to org.evosuite.ga.ConstructionFailedException: Failed to add constructor for org.hibernate.engine.spi.SessionDelegatorBaseImpl due to org.evosuite.ga.ConstructionFailedException: Failed to add constructor for org.hibernate.internal.SessionImpl due to org.evosuite.ga.ConstructionFailedException: Failed to add constructor for org.hibernate.internal.SessionFactoryImpl due to org.evosuite.ga.ConstructionFailedException: Max recursion depth reached
[MASTER] 11:24:59.596 [pool-2-thread-1] WARN  TestChromosome - Functional mock problem: org.evosuite.ga.ConstructionFailedException: Have no generator for interface com.cheops.candidatemanager.repositories.CandidateRepository canUseFunctionalMocks=false, canBeMocked: true
[MASTER] 11:25:00.036 [pool-2-thread-1] WARN  TestChromosome - Functional mock problem: org.evosuite.ga.ConstructionFailedException: Failed to add constructor for com.cheops.candidatemanager.models.Candidate due to org.evosuite.ga.ConstructionFailedException: Max recursion depth reached
[MASTER] 11:25:00.267 [pool-2-thread-1] WARN  TestChromosome - Functional mock problem: org.evosuite.ga.ConstructionFailedException: Failed to add constructor for com.cheops.candidatemanager.models.ApplicationProcess due to org.evosuite.ga.ConstructionFailedException: Have no generator for class org.h2.jdbc.JdbcResultSet canUseFunctionalMocks=false, canBeMocked: true
[MASTER] 11:25:00.543 [pool-2-thread-1] WARN  TestChromosome - Functional mock problem: org.evosuite.ga.ConstructionFailedException: Failed to add constructor for org.hibernate.query.internal.CollectionFilterImpl due to org.evosuite.ga.ConstructionFailedException: Failed to add constructor for org.hibernate.engine.internal.StatefulPersistenceContext due to org.evosuite.ga.ConstructionFailedException: Failed to add constructor for org.hibernate.internal.SessionImpl due to org.evosuite.ga.ConstructionFailedException: Failed to add constructor for org.hibernate.internal.SessionFactoryImpl due to org.evosuite.ga.ConstructionFailedException: Max recursion depth reached
[MASTER] 11:25:00.909 [pool-2-thread-1] WARN  TestChromosome - Functional mock problem: org.evosuite.ga.ConstructionFailedException: Failed to add constructor for com.cheops.candidatemanager.models.Candidate due to org.evosuite.ga.ConstructionFailedException: Have no generator for class org.h2.jdbc.JdbcCallableStatement canUseFunctionalMocks=false, canBeMocked: true
[MASTER] 11:25:01.017 [pool-2-thread-1] WARN  TestFactory - Bounded variable issue when calling createVariable()
[MASTER] 11:25:01.318 [pool-2-thread-1] WARN  TestChromosome - Functional mock problem: org.evosuite.ga.ConstructionFailedException: Failed to add constructor for org.hibernate.query.internal.CollectionFilterImpl due to org.evosuite.ga.ConstructionFailedException: Failed to add constructor for java.io.ObjectInputStream due to org.evosuite.ga.ConstructionFailedException: Failed to add constructor for java.io.BufferedInputStream due to org.evosuite.ga.ConstructionFailedException: Max recursion depth reached
[MASTER] 11:25:01.560 [pool-2-thread-1] WARN  TestChromosome - Functional mock problem: org.evosuite.ga.ConstructionFailedException: Have no generator for interface com.cheops.candidatemanager.repositories.ApplicationProcessRepository canUseFunctionalMocks=false, canBeMocked: true
[MASTER] 11:25:02.526 [pool-2-thread-1] WARN  TestChromosome - Functional mock problem: org.evosuite.ga.ConstructionFailedException: Failed to add constructor for javax.naming.CompoundName due to org.evosuite.ga.ConstructionFailedException: Failed to add constructor for com.mysql.jdbc.JDBC4Connection due to org.evosuite.ga.ConstructionFailedException: Max recursion depth reached
[MASTER] 11:25:02.530 [pool-2-thread-1] WARN  TestChromosome - Functional mock problem: org.evosuite.ga.ConstructionFailedException: Failed to add constructor for com.cheops.candidatemanager.models.Candidate due to org.evosuite.ga.ConstructionFailedException: Have no generator for class org.h2.jdbc.JdbcResultSet canUseFunctionalMocks=false, canBeMocked: true
[MASTER] 11:25:02.709 [pool-2-thread-1] WARN  TestChromosome - Functional mock problem: org.evosuite.ga.ConstructionFailedException: Failed to add constructor for org.hibernate.query.internal.CollectionFilterImpl due to org.evosuite.ga.ConstructionFailedException: Failed to add constructor for org.hibernate.procedure.internal.ProcedureCallImpl due to org.evosuite.ga.ConstructionFailedException: Failed to add constructor for org.hibernate.engine.spi.SessionDelegatorBaseImpl due to org.evosuite.ga.ConstructionFailedException: Failed to add constructor for org.hibernate.internal.SessionImpl due to org.evosuite.ga.ConstructionFailedException: Max recursion depth reached
[MASTER] 11:25:04.282 [pool-2-thread-1] WARN  TestChromosome - Functional mock problem: org.evosuite.ga.ConstructionFailedException: Failed to add constructor for org.hibernate.query.internal.CollectionFilterImpl due to org.evosuite.ga.ConstructionFailedException: Failed to add constructor for org.hibernate.query.internal.ParameterMetadataImpl due to org.evosuite.ga.ConstructionFailedException: Failed to add constructor for org.hibernate.procedure.internal.ProcedureCallImpl due to org.evosuite.ga.ConstructionFailedException: Failed to add constructor for org.hibernate.internal.SessionImpl due to org.evosuite.ga.ConstructionFailedException: Failed to add constructor for org.hibernate.internal.SessionFactoryImpl due to org.evosuite.ga.ConstructionFailedException: Max recursion depth reached
[MASTER] 11:25:04.363 [pool-2-thread-1] WARN  TestChromosome - Functional mock problem: org.evosuite.ga.ConstructionFailedException: Have no generator for class org.springframework.aop.framework.ReflectiveMethodInvocation canUseFunctionalMocks=false, canBeMocked: true
[MASTER] 11:25:09.504 [pool-2-thread-1] WARN  TestChromosome - Functional mock problem: org.evosuite.ga.ConstructionFailedException: Failed to add constructor for javax.naming.CompoundName due to org.evosuite.ga.ConstructionFailedException: Failed to add constructor for org.hibernate.mapping.JoinedSubclass due to org.evosuite.ga.ConstructionFailedException: Failed to add constructor for org.hibernate.mapping.UnionSubclass due to org.evosuite.ga.ConstructionFailedException: Failed to add constructor for org.hibernate.mapping.Subclass due to org.evosuite.ga.ConstructionFailedException: Max recursion depth reached
[MASTER] 11:25:10.062 [pool-2-thread-1] WARN  TestChromosome - Functional mock problem: org.evosuite.ga.ConstructionFailedException: Failed to add constructor for org.hibernate.query.internal.CollectionFilterImpl due to org.evosuite.ga.ConstructionFailedException: Failed to add constructor for org.hibernate.internal.CriteriaImpl due to org.evosuite.ga.ConstructionFailedException: Failed to add constructor for org.hibernate.engine.spi.SessionDelegatorBaseImpl due to org.evosuite.ga.ConstructionFailedException: Failed to add constructor for org.hibernate.internal.SessionImpl due to org.evosuite.ga.ConstructionFailedException: Max recursion depth reached
[MASTER] 11:25:10.547 [pool-2-thread-1] WARN  TestChromosome - Functional mock problem: org.evosuite.ga.ConstructionFailedException: Failed to add constructor for org.hibernate.query.internal.CollectionFilterImpl due to org.evosuite.ga.ConstructionFailedException: Failed to add constructor for org.hibernate.query.internal.ParameterMetadataImpl due to org.evosuite.ga.ConstructionFailedException: Failed to add constructor for org.hibernate.engine.query.spi.HQLQueryPlan due to org.evosuite.ga.ConstructionFailedException: Failed to add constructor for org.hibernate.engine.spi.SessionFactoryDelegatingImpl due to org.evosuite.ga.ConstructionFailedException: Failed to add constructor for org.hibernate.internal.SessionFactoryImpl due to org.evosuite.ga.ConstructionFailedException: Failed to add constructor for org.hibernate.boot.internal.InFlightMetadataCollectorImpl due to org.evosuite.ga.ConstructionFailedException: Max recursion depth reached
[MASTER] 11:25:12.051 [pool-2-thread-1] WARN  TestChromosome - Functional mock problem: org.evosuite.ga.ConstructionFailedException: Failed to add constructor for org.hibernate.query.internal.CollectionFilterImpl due to org.evosuite.ga.ConstructionFailedException: Failed to add constructor for org.hibernate.internal.SessionImpl due to org.evosuite.ga.ConstructionFailedException: Failed to add constructor for org.hibernate.internal.SessionFactoryImpl due to org.evosuite.ga.ConstructionFailedException: Failed to add constructor for org.hibernate.boot.internal.MetadataImpl due to org.evosuite.ga.ConstructionFailedException: Max recursion depth reached
[MASTER] 11:25:14.209 [pool-2-thread-1] WARN  TestChromosome - Functional mock problem: org.evosuite.ga.ConstructionFailedException: Failed to add constructor for org.hibernate.query.internal.CollectionFilterImpl due to org.evosuite.ga.ConstructionFailedException: Failed to add constructor for org.hibernate.engine.spi.SessionDelegatorBaseImpl due to org.evosuite.ga.ConstructionFailedException: Failed to add constructor for org.hibernate.internal.SessionImpl due to org.evosuite.ga.ConstructionFailedException: Max recursion depth reached
[MASTER] 11:25:16.669 [pool-2-thread-1] WARN  TestChromosome - Functional mock problem: org.evosuite.ga.ConstructionFailedException: Failed to add constructor for org.hibernate.query.criteria.internal.predicate.BooleanAssertionPredicate due to org.evosuite.ga.ConstructionFailedException: Failed to add constructor for org.hibernate.query.criteria.internal.CriteriaBuilderImpl due to org.evosuite.ga.ConstructionFailedException: Failed to add constructor for org.hibernate.internal.SessionFactoryImpl due to org.evosuite.ga.ConstructionFailedException: Failed to add constructor for org.hibernate.boot.internal.InFlightMetadataCollectorImpl due to org.evosuite.ga.ConstructionFailedException: Failed to add constructor for org.hibernate.boot.internal.MetadataBuilderImpl$MetadataBuildingOptionsImpl due to org.evosuite.ga.ConstructionFailedException: Max recursion depth reached
[MASTER] 11:25:17.048 [pool-2-thread-1] WARN  TestChromosome - Functional mock problem: org.evosuite.ga.ConstructionFailedException: Failed to add constructor for org.springframework.beans.factory.config.DependencyDescriptor due to org.evosuite.ga.ConstructionFailedException: Failed to add constructor for org.springframework.beans.factory.config.DependencyDescriptor due to org.evosuite.ga.ConstructionFailedException: Have no generator for class java.lang.reflect.Field canUseFunctionalMocks=true, canBeMocked: false
[MASTER] 11:25:17.843 [pool-2-thread-1] WARN  TestChromosome - Functional mock problem: org.evosuite.ga.ConstructionFailedException: Failed to add constructor for org.hibernate.collection.internal.PersistentIdentifierBag due to org.evosuite.ga.ConstructionFailedException: Failed to add constructor for org.hibernate.internal.SessionImpl due to org.evosuite.ga.ConstructionFailedException: Failed to add constructor for org.hibernate.internal.SessionFactoryImpl due to org.evosuite.ga.ConstructionFailedException: Failed to add constructor for org.hibernate.boot.internal.InFlightMetadataCollectorImpl due to org.evosuite.ga.ConstructionFailedException: Failed to add constructor for org.hibernate.boot.internal.MetadataBuilderImpl$MetadataBuildingOptionsImpl due to org.evosuite.ga.ConstructionFailedException: Max recursion depth reached
[MASTER] 11:25:18.367 [pool-2-thread-1] WARN  TestChromosome - Functional mock problem: org.evosuite.ga.ConstructionFailedException: Failed to add constructor for org.hibernate.collection.internal.PersistentBag due to org.evosuite.ga.ConstructionFailedException: Failed to add constructor for org.hibernate.internal.SessionImpl due to org.evosuite.ga.ConstructionFailedException: Failed to add constructor for org.hibernate.query.criteria.internal.CriteriaBuilderImpl due to org.evosuite.ga.ConstructionFailedException: Failed to add constructor for org.hibernate.internal.SessionFactoryImpl due to org.evosuite.ga.ConstructionFailedException: Failed to add constructor for org.hibernate.boot.internal.MetadataImpl due to org.evosuite.ga.ConstructionFailedException: Max recursion depth reached
